<?xml version="1.0" encoding="UTF-8"?>
<!-- Generated by org.testng.reporters.JUnitReportReporter -->
<testsuite skipped="0" hostname="kishor" name="com.testngdata.LoginTest" tests="3" failures="0" timestamp="03 Dec 2019 06:33:49 GMT" time="152.381" errors="0">
  <testcase name="creartNewAccount" time="76.367" classname="com.testngdata.LoginTest"/>
  <testcase name="creartNewAccount" time="38.068" classname="com.testngdata.LoginTest"/>
  <testcase name="creartNewAccount" time="37.946" classname="com.testngdata.LoginTest"/>
</testsuite> <!-- com.testngdata.LoginTest -->
